Running snakemake...
Assuming unrestricted shared filesystem usage.
Building DAG of jobs...
Using shell: /bin/bash
Provided cores: 16
Rules claiming more threads will be scaled down.
Job stats:
job                                count
-------------------------------  -------
align_protein_sequences                4
all                                    1
ancestral_tree_sequences               4
check_number_ORFs_found                4
colors                                 3
create_codon_alignment                 4
create_new_references                  3
download_and_process_accessions        3
edit_codon_fasta_headers               4
edit_protein_fasta_headers             3
export_tree                            4
get_codon_sequences                    3
get_protein_sequences                  3
refine_tree_sequences                  4
root_and_remove_outgroup               4
traits_tree_sequences                  4
translate_tree_sequences               4
tree_sequences                         4
total                                 63

Select jobs to execute...
Execute 1 jobs...

[Thu Sep 12 09:53:30 2024]
localrule create_new_references:
    input: Configure/Input_Data/EBV_reference_genome_NC_007605.gb
    output: Results/EBV_gH/EBV_gH_reference.gb
    log: Results/Logs/EBV_gH/create_new_references.txt
    jobid: 54
    reason: Missing output files: Results/EBV_gH/EBV_gH_reference.gb
    wildcards: gene=EBV_gH
    resources: tmpdir=/loc/scratch/61967267

Activating conda environment: .snakemake/conda/5e304da8a87c07a4a5292d86628e6ffc_
[Thu Sep 12 09:53:33 2024]
Finished job 54.
1 of 63 steps (2%) done
Select jobs to execute...
Execute 1 jobs...

[Thu Sep 12 09:53:33 2024]
localrule check_number_ORFs_found:
    input: Results/EBV_gp42/nucleotide.fasta, Results/EBV_gp42/ORF_sequences/protein_temp.fasta, Results/EBV_gp42/ORF_sequences/codon_temp.fasta
    output: Results/EBV_gp42/ORF_sequences/ORF_extraction_verification.txt
    jobid: 5
    reason: Missing output files: Results/EBV_gp42/ORF_sequences/ORF_extraction_verification.txt
    wildcards: gene=EBV_gp42
    resources: tmpdir=/loc/scratch/61967267

Activating conda environment: .snakemake/conda/5e304da8a87c07a4a5292d86628e6ffc_
Activating conda environment: .snakemake/conda/5e304da8a87c07a4a5292d86628e6ffc_
0
1
2
3
4
5
6
7
8
9
10
11
12
13
14
15
16
17
18
19
20
21
22
23
24
25
26
27
28
29
30
31
32
33
34
35
36
37
38
39
40
41
42
43
44
45
46
47
48
49
50
Traceback (most recent call last):
  File "/fh/fast/bloom_j/computational_notebooks/ccarr/2024/Herpesvirus-Glycoprotein-Analysis/EBV/.snakemake/scripts/tmpfja457iy.extracted_sequence_verification.py", line 120, in <module>
    main()
  File "/fh/fast/bloom_j/computational_notebooks/ccarr/2024/Herpesvirus-Glycoprotein-Analysis/EBV/.snakemake/scripts/tmpfja457iy.extracted_sequence_verification.py", line 111, in main
    assert_num_orfs_match_sequences(
  File "/fh/fast/bloom_j/computational_notebooks/ccarr/2024/Herpesvirus-Glycoprotein-Analysis/EBV/.snakemake/scripts/tmpfja457iy.extracted_sequence_verification.py", line 54, in assert_num_orfs_match_sequences
    protein_name = protein_list[orf_index]
                   ~~~~~~~~~~~~^^^^^^^^^^^
IndexError: list index out of range
RuleException:
CalledProcessError in file /fh/fast/bloom_j/computational_notebooks/ccarr/2024/Herpesvirus-Glycoprotein-Analysis/EBV/Rules/extract_ORFs.smk, line 77:
Command 'source /home/ccarr/miniconda3/bin/activate '/fh/fast/bloom_j/computational_notebooks/ccarr/2024/Herpesvirus-Glycoprotein-Analysis/EBV/.snakemake/conda/5e304da8a87c07a4a5292d86628e6ffc_'; set -euo pipefail;  python /fh/fast/bloom_j/computational_notebooks/ccarr/2024/Herpesvirus-Glycoprotein-Analysis/EBV/.snakemake/scripts/tmpfja457iy.extracted_sequence_verification.py' returned non-zero exit status 1.
[Thu Sep 12 09:53:35 2024]
Error in rule check_number_ORFs_found:
    jobid: 5
    input: Results/EBV_gp42/nucleotide.fasta, Results/EBV_gp42/ORF_sequences/protein_temp.fasta, Results/EBV_gp42/ORF_sequences/codon_temp.fasta
    output: Results/EBV_gp42/ORF_sequences/ORF_extraction_verification.txt
    conda-env: /fh/fast/bloom_j/computational_notebooks/ccarr/2024/Herpesvirus-Glycoprotein-Analysis/EBV/.snakemake/conda/5e304da8a87c07a4a5292d86628e6ffc_

Trying to restart job 5.
Select jobs to execute...
Execute 1 jobs...

[Thu Sep 12 09:53:35 2024]
localrule check_number_ORFs_found:
    input: Results/EBV_gp42/nucleotide.fasta, Results/EBV_gp42/ORF_sequences/protein_temp.fasta, Results/EBV_gp42/ORF_sequences/codon_temp.fasta
    output: Results/EBV_gp42/ORF_sequences/ORF_extraction_verification.txt
    jobid: 5
    reason: Missing output files: Results/EBV_gp42/ORF_sequences/ORF_extraction_verification.txt
    wildcards: gene=EBV_gp42
    resources: tmpdir=/loc/scratch/61967267

Activating conda environment: .snakemake/conda/5e304da8a87c07a4a5292d86628e6ffc_
Activating conda environment: .snakemake/conda/5e304da8a87c07a4a5292d86628e6ffc_
0
1
2
3
4
5
6
7
8
9
10
11
12
13
14
15
16
17
18
19
20
21
22
23
24
25
26
27
28
29
30
31
32
33
34
35
36
37
38
39
40
41
42
43
44
45
46
47
48
49
50
Traceback (most recent call last):
  File "/fh/fast/bloom_j/computational_notebooks/ccarr/2024/Herpesvirus-Glycoprotein-Analysis/EBV/.snakemake/scripts/tmpz1xeq_s2.extracted_sequence_verification.py", line 120, in <module>
    main()
  File "/fh/fast/bloom_j/computational_notebooks/ccarr/2024/Herpesvirus-Glycoprotein-Analysis/EBV/.snakemake/scripts/tmpz1xeq_s2.extracted_sequence_verification.py", line 111, in main
    assert_num_orfs_match_sequences(
  File "/fh/fast/bloom_j/computational_notebooks/ccarr/2024/Herpesvirus-Glycoprotein-Analysis/EBV/.snakemake/scripts/tmpz1xeq_s2.extracted_sequence_verification.py", line 54, in assert_num_orfs_match_sequences
    protein_name = protein_list[orf_index]
                   ~~~~~~~~~~~~^^^^^^^^^^^
IndexError: list index out of range
RuleException:
CalledProcessError in file /fh/fast/bloom_j/computational_notebooks/ccarr/2024/Herpesvirus-Glycoprotein-Analysis/EBV/Rules/extract_ORFs.smk, line 77:
Command 'source /home/ccarr/miniconda3/bin/activate '/fh/fast/bloom_j/computational_notebooks/ccarr/2024/Herpesvirus-Glycoprotein-Analysis/EBV/.snakemake/conda/5e304da8a87c07a4a5292d86628e6ffc_'; set -euo pipefail;  python /fh/fast/bloom_j/computational_notebooks/ccarr/2024/Herpesvirus-Glycoprotein-Analysis/EBV/.snakemake/scripts/tmpz1xeq_s2.extracted_sequence_verification.py' returned non-zero exit status 1.
[Thu Sep 12 09:53:35 2024]
Error in rule check_number_ORFs_found:
    jobid: 5
    input: Results/EBV_gp42/nucleotide.fasta, Results/EBV_gp42/ORF_sequences/protein_temp.fasta, Results/EBV_gp42/ORF_sequences/codon_temp.fasta
    output: Results/EBV_gp42/ORF_sequences/ORF_extraction_verification.txt
    conda-env: /fh/fast/bloom_j/computational_notebooks/ccarr/2024/Herpesvirus-Glycoprotein-Analysis/EBV/.snakemake/conda/5e304da8a87c07a4a5292d86628e6ffc_

Trying to restart job 5.
Select jobs to execute...
Execute 1 jobs...

[Thu Sep 12 09:53:36 2024]
localrule check_number_ORFs_found:
    input: Results/EBV_gp42/nucleotide.fasta, Results/EBV_gp42/ORF_sequences/protein_temp.fasta, Results/EBV_gp42/ORF_sequences/codon_temp.fasta
    output: Results/EBV_gp42/ORF_sequences/ORF_extraction_verification.txt
    jobid: 5
    reason: Missing output files: Results/EBV_gp42/ORF_sequences/ORF_extraction_verification.txt
    wildcards: gene=EBV_gp42
    resources: tmpdir=/loc/scratch/61967267

Activating conda environment: .snakemake/conda/5e304da8a87c07a4a5292d86628e6ffc_
Activating conda environment: .snakemake/conda/5e304da8a87c07a4a5292d86628e6ffc_
0
1
2
3
4
5
6
7
8
9
10
11
12
13
14
15
16
17
18
19
20
21
22
23
24
25
26
27
28
29
30
31
32
33
34
35
36
37
38
39
40
41
42
43
44
45
46
47
48
49
50
Traceback (most recent call last):
  File "/fh/fast/bloom_j/computational_notebooks/ccarr/2024/Herpesvirus-Glycoprotein-Analysis/EBV/.snakemake/scripts/tmp18y3r8qb.extracted_sequence_verification.py", line 120, in <module>
    main()
  File "/fh/fast/bloom_j/computational_notebooks/ccarr/2024/Herpesvirus-Glycoprotein-Analysis/EBV/.snakemake/scripts/tmp18y3r8qb.extracted_sequence_verification.py", line 111, in main
    assert_num_orfs_match_sequences(
  File "/fh/fast/bloom_j/computational_notebooks/ccarr/2024/Herpesvirus-Glycoprotein-Analysis/EBV/.snakemake/scripts/tmp18y3r8qb.extracted_sequence_verification.py", line 54, in assert_num_orfs_match_sequences
    protein_name = protein_list[orf_index]
                   ~~~~~~~~~~~~^^^^^^^^^^^
IndexError: list index out of range
RuleException:
CalledProcessError in file /fh/fast/bloom_j/computational_notebooks/ccarr/2024/Herpesvirus-Glycoprotein-Analysis/EBV/Rules/extract_ORFs.smk, line 77:
Command 'source /home/ccarr/miniconda3/bin/activate '/fh/fast/bloom_j/computational_notebooks/ccarr/2024/Herpesvirus-Glycoprotein-Analysis/EBV/.snakemake/conda/5e304da8a87c07a4a5292d86628e6ffc_'; set -euo pipefail;  python /fh/fast/bloom_j/computational_notebooks/ccarr/2024/Herpesvirus-Glycoprotein-Analysis/EBV/.snakemake/scripts/tmp18y3r8qb.extracted_sequence_verification.py' returned non-zero exit status 1.
[Thu Sep 12 09:53:36 2024]
Error in rule check_number_ORFs_found:
    jobid: 5
    input: Results/EBV_gp42/nucleotide.fasta, Results/EBV_gp42/ORF_sequences/protein_temp.fasta, Results/EBV_gp42/ORF_sequences/codon_temp.fasta
    output: Results/EBV_gp42/ORF_sequences/ORF_extraction_verification.txt
    conda-env: /fh/fast/bloom_j/computational_notebooks/ccarr/2024/Herpesvirus-Glycoprotein-Analysis/EBV/.snakemake/conda/5e304da8a87c07a4a5292d86628e6ffc_

Shutting down, this might take some time.
Exiting because a job execution failed. Look above for error message
Complete log: .snakemake/log/2024-09-12T095321.725220.snakemake.log
WorkflowError:
At least one job did not complete successfully.
